app/build/intermediates/manifest_merge_blame_file/debug/manifest-merger-blame-debug-report.txt
1<?xml version="1.0" encoding="utf-8"?>
2<manifest xmlns:android="http://schemas.android.com/apk/res/android"
3    package="com.ritesh.coronavirustracker"
4    android:versionCode="1"
5    android:versionName="1.0" >
6
7    <uses-sdk
8        android:minSdkVersion="23"
8-->src\main\AndroidManifest.xml
9        android:targetSdkVersion="29" />
9-->src\main\AndroidManifest.xml
10    <!--
11         The ACCESS_COARSE/FINE_LOCATION permissions are not required to use
12         Google Maps Android API v2, but you must specify either coarse or fine
13         location permissions for the 'MyLocation' functionality.
14    -->
15    <uses-permission android:name="android.permission.ACCESS_FINE_LOCATION" />
15-->src\main\AndroidManifest.xml:9:5-79
15-->src\main\AndroidManifest.xml:9:22-76
16    <uses-permission android:name="android.permission.INTERNET" />
16-->src\main\AndroidManifest.xml:10:5-67
16-->src\main\AndroidManifest.xml:10:22-64
17
18    <!-- Include required permissions for Google Maps API to run. -->
19    <uses-permission android:name="android.permission.ACCESS_NETWORK_STATE" />
19-->[com.google.android.gms:play-services-maps:17.0.0] AndroidManifest.xml:23:5-79
19-->[com.google.android.gms:play-services-maps:17.0.0] AndroidManifest.xml:23:22-76
20
21    <uses-feature
21-->[com.google.android.gms:play-services-maps:17.0.0] AndroidManifest.xml:26:5-28:35
22        android:glEsVersion="0x00020000"
22-->[com.google.android.gms:play-services-maps:17.0.0] AndroidManifest.xml:27:9-41
23        android:required="true" />
23-->[com.google.android.gms:play-services-maps:17.0.0] AndroidManifest.xml:28:9-32
24
25    <uses-permission android:name="android.permission.WAKE_LOCK" />
25-->[com.google.android.gms:play-services-measurement-sdk-api:17.1.0] AndroidManifest.xml:25:5-68
25-->[com.google.android.gms:play-services-measurement-sdk-api:17.1.0] AndroidManifest.xml:25:22-65
26
27    <application
27-->src\main\AndroidManifest.xml:12:5-50:19
28        android:allowBackup="true"
28-->src\main\AndroidManifest.xml:13:9-35
29        android:appComponentFactory="androidx.core.app.CoreComponentFactory"
29-->[androidx.core:core:1.2.0] AndroidManifest.xml:24:18-86
30        android:debuggable="true"
31        android:extractNativeLibs="false"
32        android:icon="@mipmap/launcher"
32-->src\main\AndroidManifest.xml:14:9-40
33        android:label="@string/app_name"
33-->src\main\AndroidManifest.xml:15:9-41
34        android:roundIcon="@mipmap/launchers"
34-->src\main\AndroidManifest.xml:16:9-46
35        android:supportsRtl="true"
35-->src\main\AndroidManifest.xml:17:9-35
36        android:theme="@style/AppTheme" >
36-->src\main\AndroidManifest.xml:18:9-40
37        <activity
37-->src\main\AndroidManifest.xml:19:9-26:20
38            android:name="com.ritesh.coronavirustracker.splash_screen"
38-->src\main\AndroidManifest.xml:19:19-77
39            android:theme="@style/Theme.AppCompat.Light.NoActionBar" >
39-->src\main\AndroidManifest.xml:20:13-69
40            <intent-filter>
40-->src\main\AndroidManifest.xml:21:13-25:29
41                <action android:name="android.intent.action.MAIN" />
41-->src\main\AndroidManifest.xml:22:17-69
41-->src\main\AndroidManifest.xml:22:25-66
42
43                <category android:name="android.intent.category.LAUNCHER" />
43-->src\main\AndroidManifest.xml:24:17-77
43-->src\main\AndroidManifest.xml:24:27-74
44            </intent-filter>
45        </activity>
46        <activity
46-->src\main\AndroidManifest.xml:27:9-29:87
47            android:name="com.ritesh.coronavirustracker.AdviceActivity"
47-->src\main\AndroidManifest.xml:28:13-72
48            android:parentActivityName="com.ritesh.coronavirustracker.MainActivity" />
48-->src\main\AndroidManifest.xml:29:13-84
49        <!--
50             The API key for Google Maps-based APIs is defined as a string resource.
51             (See the file "res/values/google_maps_api.xml").
52             Note that the API key is linked to the encryption key used to sign the APK.
53             You need a different API key for each encryption key, including the release key that is used to
54             sign the APK for publishing.
55             You can define the keys for the debug and release targets in src/debug/ and src/release/.
56        -->
57        <meta-data
57-->src\main\AndroidManifest.xml:38:9-40:70
58            android:name="com.google.android.gms.ads.APPLICATION_ID"
58-->src\main\AndroidManifest.xml:39:13-69
59            android:value="ca-app-pub-2366666109746342~8364513244" />
59-->src\main\AndroidManifest.xml:40:13-67
60        <meta-data
60-->src\main\AndroidManifest.xml:41:9-43:55
61            android:name="com.google.android.geo.API_KEY"
61-->src\main\AndroidManifest.xml:42:13-58
62            android:value="@string/google_maps_key" />
62-->src\main\AndroidManifest.xml:43:13-52
63
64        <activity
64-->src\main\AndroidManifest.xml:45:9-49:20
65            android:name="com.ritesh.coronavirustracker.MainActivity"
65-->src\main\AndroidManifest.xml:46:13-70
66            android:launchMode="singleTop" >
66-->src\main\AndroidManifest.xml:47:13-43
67        </activity>
68        <!-- Needs to be explicitly declared on P+ -->
69        <uses-library
69-->[com.google.android.gms:play-services-maps:17.0.0] AndroidManifest.xml:33:9-35:40
70            android:name="org.apache.http.legacy"
70-->[com.google.android.gms:play-services-maps:17.0.0] AndroidManifest.xml:34:13-50
71            android:required="false" />
71-->[com.google.android.gms:play-services-maps:17.0.0] AndroidManifest.xml:35:13-37
72
73        <activity
73-->[com.google.android.gms:play-services-base:17.0.0] AndroidManifest.xml:23:9-26:75
74            android:name="com.google.android.gms.common.api.GoogleApiActivity"
74-->[com.google.android.gms:play-services-base:17.0.0] AndroidManifest.xml:24:13-79
75            android:exported="false"
75-->[com.google.android.gms:play-services-base:17.0.0] AndroidManifest.xml:25:13-37
76            android:theme="@android:style/Theme.Translucent.NoTitleBar" /> <!-- Include the AdActivity and InAppPurchaseActivity configChanges and themes. -->
76-->[com.google.android.gms:play-services-base:17.0.0] AndroidManifest.xml:26:13-72
77        <activity
77-->[com.google.android.gms:play-services-ads-lite:19.0.0] AndroidManifest.xml:29:9-33:64
78            android:name="com.google.android.gms.ads.AdActivity"
78-->[com.google.android.gms:play-services-ads-lite:19.0.0] AndroidManifest.xml:30:13-65
79            android:configChanges="keyboard|keyboardHidden|orientation|screenLayout|uiMode|screenSize|smallestScreenSize"
79-->[com.google.android.gms:play-services-ads-lite:19.0.0] AndroidManifest.xml:31:13-122
80            android:exported="false"
80-->[com.google.android.gms:play-services-ads-lite:19.0.0] AndroidManifest.xml:32:13-37
81            android:theme="@android:style/Theme.Translucent" />
81-->[com.google.android.gms:play-services-ads-lite:19.0.0] AndroidManifest.xml:33:13-61
82
83        <provider
83-->[com.google.android.gms:play-services-ads-lite:19.0.0] AndroidManifest.xml:35:9-39:39
84            android:name="com.google.android.gms.ads.MobileAdsInitProvider"
84-->[com.google.android.gms:play-services-ads-lite:19.0.0] AndroidManifest.xml:36:13-76
85            android:authorities="com.ritesh.coronavirustracker.mobileadsinitprovider"
85-->[com.google.android.gms:play-services-ads-lite:19.0.0] AndroidManifest.xml:37:13-73
86            android:exported="false"
86-->[com.google.android.gms:play-services-ads-lite:19.0.0] AndroidManifest.xml:38:13-37
87            android:initOrder="100" />
87-->[com.google.android.gms:play-services-ads-lite:19.0.0] AndroidManifest.xml:39:13-36
88
89        <meta-data
89-->[com.google.android.gms:play-services-basement:17.0.0] AndroidManifest.xml:23:9-25:69
90            android:name="com.google.android.gms.version"
90-->[com.google.android.gms:play-services-basement:17.0.0] AndroidManifest.xml:24:13-58
91            android:value="@integer/google_play_services_version" />
91-->[com.google.android.gms:play-services-basement:17.0.0] AndroidManifest.xml:25:13-66
92    </application>
93
94</manifest>